- D:\workspace2023\hfree
 me.zoulei.Config 2024-03-06 11:04:46,515 26
- 检查配置信息...
 me.zoulei.Config 2024-03-06 11:04:46,518 27
- dsProp目录已存在，用于放数据源配置文件
 me.zoulei.Config 2024-03-06 11:04:46,518 32
- 读取hfree.ini配置
 me.zoulei.Config 2024-03-06 11:04:46,519 60
- 资源目录已经存在。资源包括图标和4个公共类。
 me.zoulei.Config 2024-03-06 11:04:46,547 95
- 检测配置完成。
 me.zoulei.Config 2024-03-06 11:04:46,547 107
- D:\workspace2023\hfree
 me.zoulei.Config 2024-03-07 09:09:51,218 26
- 检查配置信息...
 me.zoulei.Config 2024-03-07 09:09:51,221 27
- dsProp目录已存在，用于放数据源配置文件
 me.zoulei.Config 2024-03-07 09:09:51,222 32
- 读取hfree.ini配置
 me.zoulei.Config 2024-03-07 09:09:51,222 60
- 资源目录已经存在。资源包括图标和4个公共类。
 me.zoulei.Config 2024-03-07 09:09:51,248 95
- 检测配置完成。
 me.zoulei.Config 2024-03-07 09:09:51,248 107
- D:\workspace2023\hfree
 me.zoulei.Config 2024-03-07 09:11:18,320 26
- 检查配置信息...
 me.zoulei.Config 2024-03-07 09:11:18,323 27
- dsProp目录已存在，用于放数据源配置文件
 me.zoulei.Config 2024-03-07 09:11:18,323 32
- 读取hfree.ini配置
 me.zoulei.Config 2024-03-07 09:11:18,323 60
- 资源目录已经存在。资源包括图标和4个公共类。
 me.zoulei.Config 2024-03-07 09:11:18,326 95
- 检测配置完成。
 me.zoulei.Config 2024-03-07 09:11:18,326 107
- D:\workspace2023\hfree
 me.zoulei.Config 2024-03-07 11:47:22,780 26
- 检查配置信息...
 me.zoulei.Config 2024-03-07 11:47:22,783 27
- dsProp目录已存在，用于放数据源配置文件
 me.zoulei.Config 2024-03-07 11:47:22,783 32
- 读取hfree.ini配置
 me.zoulei.Config 2024-03-07 11:47:22,783 60
- 资源目录已经存在。资源包括图标和4个公共类。
 me.zoulei.Config 2024-03-07 11:47:22,809 95
- 检测配置完成。
 me.zoulei.Config 2024-03-07 11:47:22,809 107
- D:\workspace2023\hfree
 me.zoulei.Config 2024-03-15 15:57:03,071 26
- 检查配置信息...
 me.zoulei.Config 2024-03-15 15:57:03,077 27
- dsProp目录已存在，用于放数据源配置文件
 me.zoulei.Config 2024-03-15 15:57:03,078 32
- 读取hfree.ini配置
 me.zoulei.Config 2024-03-15 15:57:03,078 60
- 资源目录已经存在。资源包括图标和4个公共类。
 me.zoulei.Config 2024-03-15 15:57:03,109 95
- 检测配置完成。
 me.zoulei.Config 2024-03-15 15:57:03,109 107
- D:\workspace2023\hfree
 me.zoulei.Config 2024-03-22 15:03:19,559 26
- 检查配置信息...
 me.zoulei.Config 2024-03-22 15:03:19,563 27
- dsProp目录已存在，用于放数据源配置文件
 me.zoulei.Config 2024-03-22 15:03:19,563 32
- 读取hfree.ini配置
 me.zoulei.Config 2024-03-22 15:03:19,564 60
- 资源目录已经存在。资源包括图标和4个公共类。
 me.zoulei.Config 2024-03-22 15:03:19,592 95
- 检测配置完成。
 me.zoulei.Config 2024-03-22 15:03:19,592 107
- D:\workspace2023\hfree
 me.zoulei.Config 2024-03-26 11:20:22,072 26
- 检查配置信息...
 me.zoulei.Config 2024-03-26 11:20:22,075 27
- dsProp目录已存在，用于放数据源配置文件
 me.zoulei.Config 2024-03-26 11:20:22,075 32
- 读取hfree.ini配置
 me.zoulei.Config 2024-03-26 11:20:22,076 60
- 资源目录已经存在。资源包括图标和4个公共类。
 me.zoulei.Config 2024-03-26 11:20:22,079 95
- 检测配置完成。
 me.zoulei.Config 2024-03-26 11:20:22,080 107
- D:\workspace2023\hfree
 me.zoulei.Config 2024-03-30 14:06:26,274 26
- 检查配置信息...
 me.zoulei.Config 2024-03-30 14:06:26,278 27
- dsProp目录已存在，用于放数据源配置文件
 me.zoulei.Config 2024-03-30 14:06:26,278 32
- 读取hfree.ini配置
 me.zoulei.Config 2024-03-30 14:06:26,278 60
- 资源目录已经存在。资源包括图标和4个公共类。
 me.zoulei.Config 2024-03-30 14:06:26,282 95
- 检测配置完成。
 me.zoulei.Config 2024-03-30 14:06:26,282 107
- D:\workspace2023\hfree
 me.zoulei.Config 2024-04-01 14:36:53,594 26
- 检查配置信息...
 me.zoulei.Config 2024-04-01 14:36:53,597 27
- dsProp目录已存在，用于放数据源配置文件
 me.zoulei.Config 2024-04-01 14:36:53,597 32
- 读取hfree.ini配置
 me.zoulei.Config 2024-04-01 14:36:53,597 60
- 资源目录已经存在。资源包括图标和4个公共类。
 me.zoulei.Config 2024-04-01 14:36:53,604 95
- 检测配置完成。
 me.zoulei.Config 2024-04-01 14:36:53,604 107
- D:\workspace2023\hfree
 me.zoulei.Config 2024-04-02 14:15:01,377 26
- 检查配置信息...
 me.zoulei.Config 2024-04-02 14:15:01,380 27
- dsProp目录已存在，用于放数据源配置文件
 me.zoulei.Config 2024-04-02 14:15:01,380 32
- 读取hfree.ini配置
 me.zoulei.Config 2024-04-02 14:15:01,381 60
- 资源目录已经存在。资源包括图标和4个公共类。
 me.zoulei.Config 2024-04-02 14:15:01,408 95
- 检测配置完成。
 me.zoulei.Config 2024-04-02 14:15:01,409 107
- D:\workspace2023\hfree
 me.zoulei.Config 2024-04-03 16:36:40,324 26
- 检查配置信息...
 me.zoulei.Config 2024-04-03 16:36:40,328 27
- dsProp目录已存在，用于放数据源配置文件
 me.zoulei.Config 2024-04-03 16:36:40,328 32
- 读取hfree.ini配置
 me.zoulei.Config 2024-04-03 16:36:40,329 60
- 资源目录已经存在。资源包括图标和4个公共类。
 me.zoulei.Config 2024-04-03 16:36:40,355 95
- 检测配置完成。
 me.zoulei.Config 2024-04-03 16:36:40,355 107
- D:\workspace2023\hfree
 me.zoulei.Config 2024-04-07 17:24:10,061 26
- 检查配置信息...
 me.zoulei.Config 2024-04-07 17:24:10,063 27
- dsProp目录已存在，用于放数据源配置文件
 me.zoulei.Config 2024-04-07 17:24:10,063 32
- 读取hfree.ini配置
 me.zoulei.Config 2024-04-07 17:24:10,063 60
- 资源目录已经存在。资源包括图标和4个公共类。
 me.zoulei.Config 2024-04-07 17:24:10,067 95
- 检测配置完成。
 me.zoulei.Config 2024-04-07 17:24:10,067 107
- D:\workspace2023\hfree
 me.zoulei.Config 2024-04-12 15:24:11,034 26
- 检查配置信息...
 me.zoulei.Config 2024-04-12 15:24:11,037 27
- dsProp目录已存在，用于放数据源配置文件
 me.zoulei.Config 2024-04-12 15:24:11,037 32
- 读取hfree.ini配置
 me.zoulei.Config 2024-04-12 15:24:11,039 60
- 资源目录已经存在。资源包括图标和4个公共类。
 me.zoulei.Config 2024-04-12 15:24:11,043 95
- 检测配置完成。
 me.zoulei.Config 2024-04-12 15:24:11,043 107
- D:\workspace2023\hfree
 me.zoulei.Config 2024-04-13 13:46:30,932 26
- 检查配置信息...
 me.zoulei.Config 2024-04-13 13:46:30,936 27
- dsProp目录已存在，用于放数据源配置文件
 me.zoulei.Config 2024-04-13 13:46:30,936 32
- 读取hfree.ini配置
 me.zoulei.Config 2024-04-13 13:46:30,937 60
- 资源目录已经存在。资源包括图标和4个公共类。
 me.zoulei.Config 2024-04-13 13:46:30,942 95
- 检测配置完成。
 me.zoulei.Config 2024-04-13 13:46:30,942 107
- D:\workspace2023\hfree
 me.zoulei.Config 2024-04-16 14:25:52,199 26
- 检查配置信息...
 me.zoulei.Config 2024-04-16 14:25:52,205 27
- dsProp目录已存在，用于放数据源配置文件
 me.zoulei.Config 2024-04-16 14:25:52,205 32
- 读取hfree.ini配置
 me.zoulei.Config 2024-04-16 14:25:52,206 60
- 资源目录已经存在。资源包括图标和4个公共类。
 me.zoulei.Config 2024-04-16 14:25:52,210 95
- 检测配置完成。
 me.zoulei.Config 2024-04-16 14:25:52,210 107
- D:\workspace2023\hfree
 me.zoulei.Config 2024-04-23 11:04:54,366 26
- 检查配置信息...
 me.zoulei.Config 2024-04-23 11:04:54,369 27
- dsProp目录已存在，用于放数据源配置文件
 me.zoulei.Config 2024-04-23 11:04:54,369 32
- 读取hfree.ini配置
 me.zoulei.Config 2024-04-23 11:04:54,369 60
- 资源目录已经存在。资源包括图标和4个公共类。
 me.zoulei.Config 2024-04-23 11:04:54,374 95
- 检测配置完成。
 me.zoulei.Config 2024-04-23 11:04:54,374 107
- D:\workspace2023\hfree
 me.zoulei.Config 2024-04-24 09:40:00,665 26
- 检查配置信息...
 me.zoulei.Config 2024-04-24 09:40:00,670 27
- dsProp目录已存在，用于放数据源配置文件
 me.zoulei.Config 2024-04-24 09:40:00,670 32
- 读取hfree.ini配置
 me.zoulei.Config 2024-04-24 09:40:00,670 60
- 资源目录已经存在。资源包括图标和4个公共类。
 me.zoulei.Config 2024-04-24 09:40:00,697 95
- 检测配置完成。
 me.zoulei.Config 2024-04-24 09:40:00,697 107
- D:\workspace2023\hfree
 me.zoulei.Config 2024-04-24 14:21:22,132 26
- 检查配置信息...
 me.zoulei.Config 2024-04-24 14:21:22,136 27
- dsProp目录已存在，用于放数据源配置文件
 me.zoulei.Config 2024-04-24 14:21:22,136 32
- 读取hfree.ini配置
 me.zoulei.Config 2024-04-24 14:21:22,136 60
- 资源目录已经存在。资源包括图标和4个公共类。
 me.zoulei.Config 2024-04-24 14:21:22,139 95
- 检测配置完成。
 me.zoulei.Config 2024-04-24 14:21:22,139 107
